<?xml version="1.0" encoding="UTF-8"?>
<!-- Generated by org.testng.reporters.JUnitReportReporter -->
<testsuite hostname="DESKTOP-2BSC6FJ" failures="0" tests="2" name="RestAssured.CRUDoperations.AppTest" time="3.478" errors="0" timestamp="2023-07-25T23:17:03 IST" skipped="0">
  <testcase classname="RestAssured.CRUDoperations.AppTest" name="testGetUsers" time="2.804"/>
  <system-out/>
  <testcase classname="RestAssured.CRUDoperations.AppTest" name="testCreateUser" time="0.674"/>
  <system-out/>
</testsuite> <!-- RestAssured.CRUDoperations.AppTest -->
